{
  "stats": {
    "suites": 1,
    "tests": 3,
    "passes": 3,
    "pending": 0,
    "failures": 0,
    "start": "2024-05-26T21:45:14.300Z",
    "end": "2024-05-26T21:45:26.305Z",
    "duration": 12005,
    "testsRegistered": 3,
    "passPercent": 100,
    "pendingPercent": 0,
    "other": 0,
    "hasOther": false,
    "skipped": 0,
    "hasSkipped": false
  },
  "results": [
    {
      "uuid": "bc3927fa-25a4-4256-9403-8a04d0185cf4",
      "title": "",
      "fullFile": "cypress\\e2e\\npm-tests\\cy-locators.cy.ts",
      "file": "cypress\\e2e\\npm-tests\\cy-locators.cy.ts",
      "beforeHooks": [],
      "afterHooks": [],
      "tests": [],
      "suites": [
        {
          "uuid": "d2641388-188a-4f19-8fab-53f7991f82e7",
          "title": "Cypress element locators",
          "fullFile": "",
          "file": "",
          "beforeHooks": [],
          "afterHooks": [],
          "tests": [
            {
              "title": "Verify home page URL",
              "fullTitle": "Cypress element locators Verify home page URL",
              "timedOut": null,
              "duration": 1515,
              "state": "passed",
              "speed": "fast",
              "pass": true,
              "fail": false,
              "pending": false,
              "context": null,
              "code": "cy.url().should('equal', Cypress.env(\"UI_BASE_URL\"));",
              "err": {},
              "uuid": "99bba3aa-22cf-4d96-bdaf-3861bc7cf32a",
              "parentUUID": "d2641388-188a-4f19-8fab-53f7991f82e7",
              "isHook": false,
              "skipped": false
            },
            {
              "title": "smoke: element capturing",
              "fullTitle": "Cypress element locators smoke: element capturing",
              "timedOut": null,
              "duration": 1439,
              "state": "passed",
              "speed": "fast",
              "pass": true,
              "fail": false,
              "pending": false,
              "context": null,
              "code": "cy.get('.et_pb_text_inner > ul').within(function () {\n    cy.get('li').eq(0).contains('Big page with many elements');\n    cy.get('li > a').eq(1).should('have.attr', 'href', '../fake-landing-page');\n});",
              "err": {},
              "uuid": "6be2e1c2-d854-474d-ad6f-283f6bcabeef",
              "parentUUID": "d2641388-188a-4f19-8fab-53f7991f82e7",
              "isHook": false,
              "skipped": false
            },
            {
              "title": "dynamic testing using fixtures",
              "fullTitle": "Cypress element locators dynamic testing using fixtures",
              "timedOut": null,
              "duration": 1692,
              "state": "passed",
              "speed": "fast",
              "pass": true,
              "fail": false,
              "pending": false,
              "context": null,
              "code": "cy.get('li > a').filter(':contains(\"Fill out forms\")').should('have.attr', 'href', 'https://ultimateqa.com/filling-out-forms/').click();\ncy.url().should('equal', Cypress.env(\"UI_BASE_URL\"));\ncy.log(this.data.company);\ncy.log(this.data.contact_name);\ncy.log(this.data.contact_email);",
              "err": {},
              "uuid": "8e40f0e4-6362-46a7-976e-2ebf9377eeee",
              "parentUUID": "d2641388-188a-4f19-8fab-53f7991f82e7",
              "isHook": false,
              "skipped": false
            }
          ],
          "suites": [],
          "passes": [
            "99bba3aa-22cf-4d96-bdaf-3861bc7cf32a",
            "6be2e1c2-d854-474d-ad6f-283f6bcabeef",
            "8e40f0e4-6362-46a7-976e-2ebf9377eeee"
          ],
          "failures": [],
          "pending": [],
          "skipped": [],
          "duration": 4646,
          "root": false,
          "rootEmpty": false,
          "_timeout": 2000
        }
      ],
      "passes": [],
      "failures": [],
      "pending": [],
      "skipped": [],
      "duration": 0,
      "root": true,
      "rootEmpty": true,
      "_timeout": 2000
    }
  ],
  "meta": {
    "mocha": {
      "version": "7.0.1"
    },
    "mochawesome": {
      "options": {
        "quiet": false,
        "reportFilename": "mochawesome",
        "saveHtml": false,
        "saveJson": true,
        "consoleReporter": "spec",
        "useInlineDiffs": false,
        "code": true
      },
      "version": "7.1.3"
    },
    "marge": {
      "options": {
        "charts": true,
        "reportPageTitle": "Test Report - Amazon",
        "embeddedScreenshots": true,
        "inlineAssets": true,
        "saveAllAttempts": false,
        "overwrite": false,
        "html": false,
        "json": true,
        "reportDir": "cypress\\reports\\html\\.jsons"
      },
      "version": "6.2.0"
    }
  }
}